C:\USERS\ECHADSEY\DOCUMENTS\ROBOTCONTROLLER - UPDATE (COMBINED) - APR 8 EMMA\DEBUG\ARM.OBJ
C:\Users\echadsey\Documents\RobotController - Update (Combined) - Apr 8 Emma\Debug\cl.command.1.tlog
C:\Users\echadsey\Documents\RobotController - Update (Combined) - Apr 8 Emma\Debug\CL.read.1.tlog
C:\Users\echadsey\Documents\RobotController - Update (Combined) - Apr 8 Emma\Debug\CL.write.1.tlog
C:\USERS\ECHADSEY\DOCUMENTS\ROBOTCONTROLLER - UPDATE (COMBINED) - APR 8 EMMA\DEBUG\CONSOLE.OBJ
C:\USERS\ECHADSEY\DOCUMENTS\ROBOTCONTROLLER - UPDATE (COMBINED) - APR 8 EMMA\DEBUG\CONTROLLER.OBJ
C:\USERS\ECHADSEY\DOCUMENTS\ROBOTCONTROLLER - UPDATE (COMBINED) - APR 8 EMMA\DEBUG\CUBICSPLINE.OBJ
C:\USERS\ECHADSEY\DOCUMENTS\ROBOTCONTROLLER - UPDATE (COMBINED) - APR 8 EMMA\DEBUG\DYNAMICS.OBJ
C:\USERS\ECHADSEY\DOCUMENTS\ROBOTCONTROLLER - UPDATE (COMBINED) - APR 8 EMMA\DEBUG\INVERSEKINRESULT.OBJ
C:\Users\echadsey\Documents\RobotController - Update (Combined) - Apr 8 Emma\Debug\link.command.1.tlog
C:\Users\echadsey\Documents\RobotController - Update (Combined) - Apr 8 Emma\Debug\link.read.1.tlog
C:\Users\echadsey\Documents\RobotController - Update (Combined) - Apr 8 Emma\Debug\link.write.1.tlog
C:\Users\echadsey\Documents\RobotController - Update (Combined) - Apr 8 Emma\Debug\mt.command.1.tlog
C:\Users\echadsey\Documents\RobotController - Update (Combined) - Apr 8 Emma\Debug\mt.read.1.tlog
C:\Users\echadsey\Documents\RobotController - Update (Combined) - Apr 8 Emma\Debug\mt.write.1.tlog
C:\USERS\ECHADSEY\DOCUMENTS\ROBOTCONTROLLER - UPDATE (COMBINED) - APR 8 EMMA\DEBUG\ROBOT.OBJ
C:\USERS\ECHADSEY\DOCUMENTS\ROBOTCONTROLLER - UPDATE (COMBINED) - APR 8 EMMA\DEBUG\ROBOTCONTROLLER.EXE
C:\USERS\ECHADSEY\DOCUMENTS\ROBOTCONTROLLER - UPDATE (COMBINED) - APR 8 EMMA\DEBUG\ROBOTCONTROLLER.EXE.INTERMEDIATE.MANIFEST
C:\USERS\ECHADSEY\DOCUMENTS\ROBOTCONTROLLER - UPDATE (COMBINED) - APR 8 EMMA\DEBUG\ROBOTCONTROLLER.OBJ
C:\USERS\ECHADSEY\DOCUMENTS\ROBOTCONTROLLER - UPDATE (COMBINED) - APR 8 EMMA\DEBUG\ROBOTCONTROLLER.PCH
C:\USERS\ECHADSEY\DOCUMENTS\ROBOTCONTROLLER - UPDATE (COMBINED) - APR 8 EMMA\DEBUG\ROBOTCONTROLLER.PDB
C:\Users\echadsey\Documents\RobotController - Update (Combined) - Apr 8 Emma\Debug\RobotController.write.1.tlog
C:\USERS\ECHADSEY\DOCUMENTS\ROBOTCONTROLLER - UPDATE (COMBINED) - APR 8 EMMA\DEBUG\ROBOTPATH.OBJ
C:\USERS\ECHADSEY\DOCUMENTS\ROBOTCONTROLLER - UPDATE (COMBINED) - APR 8 EMMA\DEBUG\STDAFX.OBJ
C:\Users\echadsey\Documents\RobotController - Update (Combined) - Apr 8 Emma\Debug\vc100.idb
C:\USERS\ECHADSEY\DOCUMENTS\ROBOTCONTROLLER - UPDATE (COMBINED) - APR 8 EMMA\DEBUG\VC100.PDB
